<?xml version="1.0" encoding="UTF-8"?>
<!-- Generated by org.testng.reporters.JUnitXMLReporter -->
<testsuite ignored="0" hostname="LAPTOP-0NI70JRF" failures="0" tests="10" name="chromeTest" time="45.227" errors="0" timestamp="2025-05-18T16:29:24 CDT">
  <testcase classname="testCases.TC_03_AddToCart" name="addToCart" time="3.13"/>
  <testcase classname="testCases.TC_02_Login" name="testLogin" time="2.692"/>
  <testcase classname="testCases.TC_02_Login" name="testLogin" time="1.771"/>
  <testcase classname="testCases.TC_02_Login" name="testLogin" time="1.619"/>
  <testcase classname="testCases.TC_02_Login" name="testLogin" time="1.709"/>
  <testcase classname="testCases.TC_02_Login" name="testLogin" time="1.629"/>
  <testcase classname="testCases.TC_01_LaunchApplication" name="testLaunchApplication" time="0.014"/>
  <testcase classname="testCases.TC_04_CompletePurchase" name="addToCart" time="7.828"/>
  <testcase classname="testCases.TC_05_AddToWishList" name="addToWishList" time="3.463"/>
  <testcase classname="testCases.TC_06_AddAffiliate" name="addToWishList" time="3.622"/>
</testsuite> <!-- chromeTest -->
