<?xml version="1.0" encoding="UTF-8"?>
<!-- Generated by org.testng.reporters.JUnitXMLReporter -->
<testsuite ignored="0" hostname="LAPTOP-0NI70JRF" failures="0" tests="10" name="firefoxTest" time="53.801" errors="0" timestamp="2025-05-18T16:29:32 CDT">
  <testcase classname="testCases.TC_03_AddToCart" name="addToCart" time="2.928"/>
  <testcase classname="testCases.TC_02_Login" name="testLogin" time="1.804"/>
  <testcase classname="testCases.TC_02_Login" name="testLogin" time="1.456"/>
  <testcase classname="testCases.TC_02_Login" name="testLogin" time="1.507"/>
  <testcase classname="testCases.TC_02_Login" name="testLogin" time="1.368"/>
  <testcase classname="testCases.TC_02_Login" name="testLogin" time="1.403"/>
  <testcase classname="testCases.TC_01_LaunchApplication" name="testLaunchApplication" time="0.03"/>
  <testcase classname="testCases.TC_04_CompletePurchase" name="addToCart" time="6.781"/>
  <testcase classname="testCases.TC_05_AddToWishList" name="addToWishList" time="3.441"/>
  <testcase classname="testCases.TC_06_AddAffiliate" name="addToWishList" time="3.917"/>
</testsuite> <!-- firefoxTest -->
