<?xml version="1.0" encoding="UTF-8"?>
<!-- Generated by org.testng.reporters.JUnitXMLReporter -->
<testsuite ignored="0" hostname="LAPTOP-0NI70JRF" failures="0" tests="10" name="Test" time="41.31" errors="0" timestamp="2025-05-14T15:14:23 CDT">
  <testcase classname="testCases.TC_03_AddToCart" name="addToCart" time="2.73"/>
  <testcase classname="testCases.TC_02_Login" name="testLogin" time="1.35"/>
  <testcase classname="testCases.TC_02_Login" name="testLogin" time="1.159"/>
  <testcase classname="testCases.TC_02_Login" name="testLogin" time="1.156"/>
  <testcase classname="testCases.TC_02_Login" name="testLogin" time="1.137"/>
  <testcase classname="testCases.TC_02_Login" name="testLogin" time="1.148"/>
  <testcase classname="testCases.TC_01_LaunchApplication" name="launchApp" time="0.0"/>
  <testcase classname="testCases.TC_04_CompletePurchase" name="addToCart" time="6.939"/>
  <testcase classname="testCases.TC_05_AddToWishList" name="addToWishList" time="3.109"/>
  <testcase classname="testCases.TC_06_AddAffiliate" name="addToWishList" time="2.611"/>
</testsuite> <!-- Test -->
