<?xml version="1.0" encoding="UTF-8"?>
<!-- Generated by org.testng.reporters.JUnitXMLReporter -->
<testsuite ignored="0" hostname="LAPTOP-0NI70JRF" failures="0" tests="10" name="chromeTest" time="95.453" errors="0" timestamp="2025-05-20T10:45:06 CDT">
  <testcase classname="testCases.TC_03_AddToCart" name="addToCart" time="6.824"/>
  <testcase classname="testCases.TC_02_Login" name="testLogin" time="3.87"/>
  <testcase classname="testCases.TC_02_Login" name="testLogin" time="2.733"/>
  <testcase classname="testCases.TC_02_Login" name="testLogin" time="4.183"/>
  <testcase classname="testCases.TC_02_Login" name="testLogin" time="3.801"/>
  <testcase classname="testCases.TC_02_Login" name="testLogin" time="2.907"/>
  <testcase classname="testCases.TC_01_LaunchApplication" name="testLaunchApplication" time="0.022"/>
  <testcase classname="testCases.TC_04_CompletePurchase" name="addToCart" time="17.954"/>
  <testcase classname="testCases.TC_05_AddToWishList" name="addToWishList" time="9.139"/>
  <testcase classname="testCases.TC_06_AddAffiliate" name="addToWishList" time="6.9"/>
</testsuite> <!-- chromeTest -->
