<?xml version="1.0" encoding="UTF-8"?>
<!-- Generated by org.testng.reporters.JUnitXMLReporter -->
<testsuite ignored="0" hostname="LAPTOP-0NI70JRF" failures="0" tests="10" name="firefoxTest" time="100.334" errors="0" timestamp="2025-05-20T10:45:10 CDT">
  <testcase classname="testCases.TC_03_AddToCart" name="addToCart" time="4.765"/>
  <testcase classname="testCases.TC_02_Login" name="testLogin" time="6.067"/>
  <testcase classname="testCases.TC_02_Login" name="testLogin" time="3.391"/>
  <testcase classname="testCases.TC_02_Login" name="testLogin" time="2.353"/>
  <testcase classname="testCases.TC_02_Login" name="testLogin" time="3.578"/>
  <testcase classname="testCases.TC_02_Login" name="testLogin" time="3.229"/>
  <testcase classname="testCases.TC_01_LaunchApplication" name="testLaunchApplication" time="0.009"/>
  <testcase classname="testCases.TC_04_CompletePurchase" name="addToCart" time="10.775"/>
  <testcase classname="testCases.TC_05_AddToWishList" name="addToWishList" time="10.109"/>
  <testcase classname="testCases.TC_06_AddAffiliate" name="addToWishList" time="4.85"/>
</testsuite> <!-- firefoxTest -->
