<?xml version="1.0" encoding="UTF-8"?>
<testsuite xmlns:xsi="http://www.w3.org/2001/XMLSchema-instance" xsi:noNamespaceSchemaLocation="https://maven.apache.org/surefire/maven-surefire-plugin/xsd/surefire-test-report.xsd" version="3.0.2" name="TestSuite" time="101.99" tests="20" errors="0" skipped="0" failures="0">
  <properties>
[...]
</properties>
  <testcase name="addToCart" classname="testCases.TC_03_AddToCart" time="2.998">
    <system-out><![CDATA[2025-05-20T15:43:29.079029400Z main ERROR Unable to locate appender "ErrorFile" for logger config "root"
2025-05-20T15:43:29.080029200Z main INFO Starting configuration XmlConfiguration[location=C:\Users\lekha\eclipse-workspace\Ninjav6\target\test-classes\log4j2.xml, lastModified=2025-05-18T16:28:31.677Z]...
2025-05-20T15:43:29.080029200Z main INFO Start watching for changes to C:\Users\lekha\eclipse-workspace\Ninjav6\target\test-classes\log4j2.xml every 0 seconds
2025-05-20T15:43:29.080029200Z main INFO Configuration XmlConfiguration[location=C:\Users\lekha\eclipse-workspace\Ninjav6\target\test-classes\log4j2.xml, lastModified=2025-05-18T16:28:31.677Z] started.
2025-05-20T15:43:29.082031100Z main INFO Stopping configuration org.apache.logging.log4j.core.config.DefaultConfiguration@2d901eb0...
2025-05-20T15:43:29.082031100Z main INFO Configuration org.apache.logging.log4j.core.config.DefaultConfiguration@2d901eb0 stopped.
2025-05-20 10:43:29 [TestNG-tests-2] INFO  testBase.BaseClass - Initializing application on OS: windows and Browser: chrome
2025-05-20 10:43:29 [TestNG-tests-2] DEBUG testBase.BaseClass - Loaded configuration properties
2025-05-20 10:43:29 [TestNG-tests-1] INFO  testBase.BaseClass - Initializing application on OS: windows and Browser: firefox
2025-05-20 10:43:29 [TestNG-tests-1] DEBUG testBase.BaseClass - Loaded configuration properties
2025-05-20 10:43:30 [TestNG-tests-2] DEBUG testBase.BaseClass - Driver assigned to thread-local storage
2025-05-20 10:43:32 [TestNG-tests-1] DEBUG testBase.BaseClass - Driver assigned to thread-local storage
2025-05-20 10:43:33 [TestNG-tests-2] INFO  testBase.BaseClass - Application launched successfully: https://cloudberrystore.services/
2025-05-20 10:43:33 [TestNG-tests-2] INFO  testCases.TC_03_AddToCart - ===== Starting TC_03_AddToCart Test =====
2025-05-20 10:43:33 [TestNG-tests-2] DEBUG testCases.TC_03_AddToCart - Clicked on 'Laptops & Tablets'
2025-05-20 10:43:36 [TestNG-tests-2] DEBUG testCases.TC_03_AddToCart - Clicked on 'Show All Laptops & Tablets'
2025-05-20 10:43:37 [TestNG-tests-1] INFO  testBase.BaseClass - Application launched successfully: https://cloudberrystore.services/
2025-05-20 10:43:37 [TestNG-tests-1] INFO  testCases.TC_03_AddToCart - ===== Starting TC_03_AddToCart Test =====
2025-05-20 10:43:37 [TestNG-tests-1] DEBUG testCases.TC_03_AddToCart - Clicked on 'Laptops & Tablets'
2025-05-20 10:43:39 [TestNG-tests-2] DEBUG testCases.TC_03_AddToCart - Selected a product
2025-05-20 10:43:39 [TestNG-tests-1] DEBUG testCases.TC_03_AddToCart - Clicked on 'Show All Laptops & Tablets'
2025-05-20 10:43:39 [TestNG-tests-2] DEBUG testCases.TC_03_AddToCart - Set delivery date
2025-05-20 10:43:39 [TestNG-tests-2] INFO  testCases.TC_03_AddToCart - Clicked on 'Add to Cart'
2025-05-20 10:43:40 [TestNG-tests-2] DEBUG testCases.TC_03_AddToCart - Success message received: Success: You have added HP LP3065 to your shopping cart!
2025-05-20 10:43:40 [TestNG-tests-2] INFO  testCases.TC_03_AddToCart - Add to Cart verified successfully
2025-05-20 10:43:40 [TestNG-tests-2] INFO  testCases.TC_03_AddToCart - ===== TC_03_AddToCart Test Completed =====
]]></system-out>
    <system-err><![CDATA[SLF4J(W): No SLF4J providers were found.
SLF4J(W): Defaulting to no-operation (NOP) logger implementation
SLF4J(W): See https://www.slf4j.org/codes.html#noProviders for further details.
SLF4J(W): Class path contains SLF4J bindings targeting slf4j-api versions 1.7.x or earlier.
SLF4J(W): Ignoring binding found at [jar:file:/C:/Users/lekha/.m2/repository/org/apache/logging/log4j/log4j-slf4j-impl/2.24.3/log4j-slf4j-impl-2.24.3.jar!/org/slf4j/impl/StaticLoggerBinder.class]
SLF4J(W): See https://www.slf4j.org/codes.html#ignoredBindings for an explanation.
May 20, 2025 10:43:29 AM org.openqa.selenium.remote.tracing.opentelemetry.OpenTelemetryTracer createTracer
INFO: Using OpenTelemetry for tracing
]]></system-err>
  </testcase>
  <testcase name="addToCart" classname="testCases.TC_03_AddToCart" time="4.764">
    <system-out><![CDATA[2025-05-20 10:43:40 [TestNG-tests-2] INFO  testBase.BaseClass - Browser session closed successfully
2025-05-20 10:43:40 [TestNG-tests-2] INFO  testBase.BaseClass - Initializing application on OS: windows and Browser: chrome
2025-05-20 10:43:40 [TestNG-tests-2] DEBUG testBase.BaseClass - Loaded configuration properties
2025-05-20 10:43:40 [TestNG-tests-1] DEBUG testCases.TC_03_AddToCart - Selected a product
2025-05-20 10:43:41 [TestNG-tests-2] DEBUG testBase.BaseClass - Driver assigned to thread-local storage
2025-05-20 10:43:41 [TestNG-tests-1] DEBUG testCases.TC_03_AddToCart - Set delivery date
2025-05-20 10:43:41 [TestNG-tests-1] INFO  testCases.TC_03_AddToCart - Clicked on 'Add to Cart'
2025-05-20 10:43:41 [TestNG-tests-1] DEBUG testCases.TC_03_AddToCart - Success message received: Success: You have added HP LP3065 to your shopping cart!
2025-05-20 10:43:41 [TestNG-tests-1] INFO  testCases.TC_03_AddToCart - Add to Cart verified successfully
2025-05-20 10:43:41 [TestNG-tests-1] INFO  testCases.TC_03_AddToCart - ===== TC_03_AddToCart Test Completed =====
]]></system-out>
  </testcase>
  <testcase name="testLogin[smitasharma.qa@gmail.com, ss*QA123](1)" classname="testCases.TC_02_Login" time="3.879">
    <system-out><![CDATA[2025-05-20 10:43:43 [TestNG-tests-1] INFO  testBase.BaseClass - Browser session closed successfully
2025-05-20 10:43:43 [TestNG-tests-1] INFO  testBase.BaseClass - Initializing application on OS: windows and Browser: firefox
2025-05-20 10:43:43 [TestNG-tests-1] DEBUG testBase.BaseClass - Loaded configuration properties
2025-05-20 10:43:44 [TestNG-tests-2] INFO  testBase.BaseClass - Application launched successfully: https://cloudberrystore.services/
2025-05-20 10:43:44 [TestNG-tests-2] DEBUG org.apache.poi.openxml4j.opc.PackageRelationshipCollection - Parsing relationship: /xl/_rels/workbook.xml.rels
2025-05-20 10:43:44 [TestNG-tests-2] DEBUG org.apache.poi.openxml4j.opc.PackageRelationshipCollection - Parsing relationship: /xl/worksheets/_rels/sheet1.xml.rels
2025-05-20 10:43:44 [TestNG-tests-2] DEBUG org.apache.poi.openxml4j.opc.PackageRelationshipCollection - Parsing relationship: /_rels/.rels
2025-05-20 10:43:45 [TestNG-tests-1] DEBUG testBase.BaseClass - Driver assigned to thread-local storage
2025-05-20 10:43:45 [TestNG-tests-2] DEBUG org.apache.poi.ooxml.POIXMLFactory - using default POIXMLDocumentPart for http://schemas.openxmlformats.org/officeDocument/2006/relationships/printerSettings
2025-05-20 10:43:45 [TestNG-tests-2] DEBUG org.apache.poi.openxml4j.opc.PackageRelationshipCollection - Parsing relationship: /xl/_rels/workbook.xml.rels
2025-05-20 10:43:45 [TestNG-tests-2] DEBUG org.apache.poi.openxml4j.opc.PackageRelationshipCollection - Parsing relationship: /xl/worksheets/_rels/sheet1.xml.rels
2025-05-20 10:43:45 [TestNG-tests-2] DEBUG org.apache.poi.openxml4j.opc.PackageRelationshipCollection - Parsing relationship: /_rels/.rels
2025-05-20 10:43:45 [TestNG-tests-2] DEBUG org.apache.poi.ooxml.POIXMLFactory - using default POIXMLDocumentPart for http://schemas.openxmlformats.org/officeDocument/2006/relationships/printerSettings
2025-05-20 10:43:45 [TestNG-tests-2] DEBUG org.apache.poi.openxml4j.opc.PackageRelationshipCollection - Parsing relationship: /xl/_rels/workbook.xml.rels
2025-05-20 10:43:45 [TestNG-tests-2] DEBUG org.apache.poi.openxml4j.opc.PackageRelationshipCollection - Parsing relationship: /xl/worksheets/_rels/sheet1.xml.rels
2025-05-20 10:43:45 [TestNG-tests-2] DEBUG org.apache.poi.openxml4j.opc.PackageRelationshipCollection - Parsing relationship: /_rels/.rels
2025-05-20 10:43:45 [TestNG-tests-2] DEBUG org.apache.poi.ooxml.POIXMLFactory - using default POIXMLDocumentPart for http://schemas.openxmlformats.org/officeDocument/2006/relationships/printerSettings
2025-05-20 10:43:45 [TestNG-tests-2] DEBUG org.apache.poi.openxml4j.opc.PackageRelationshipCollection - Parsing relationship: /xl/_rels/workbook.xml.rels
2025-05-20 10:43:45 [TestNG-tests-2] DEBUG org.apache.poi.openxml4j.opc.PackageRelationshipCollection - Parsing relationship: /xl/worksheets/_rels/sheet1.xml.rels
2025-05-20 10:43:45 [TestNG-tests-2] DEBUG org.apache.poi.openxml4j.opc.PackageRelationshipCollection - Parsing relationship: /_rels/.rels
2025-05-20 10:43:45 [TestNG-tests-2] DEBUG org.apache.poi.ooxml.POIXMLFactory - using default POIXMLDocumentPart for http://schemas.openxmlformats.org/officeDocument/2006/relationships/printerSettings
2025-05-20 10:43:45 [TestNG-tests-2] DEBUG org.apache.poi.openxml4j.opc.PackageRelationshipCollection - Parsing relationship: /xl/_rels/workbook.xml.rels
2025-05-20 10:43:45 [TestNG-tests-2] DEBUG org.apache.poi.openxml4j.opc.PackageRelationshipCollection - Parsing relationship: /xl/worksheets/_rels/sheet1.xml.rels
2025-05-20 10:43:45 [TestNG-tests-2] DEBUG org.apache.poi.openxml4j.opc.PackageRelationshipCollection - Parsing relationship: /_rels/.rels
2025-05-20 10:43:45 [TestNG-tests-2] DEBUG org.apache.poi.ooxml.POIXMLFactory - using default POIXMLDocumentPart for http://schemas.openxmlformats.org/officeDocument/2006/relationships/printerSettings
2025-05-20 10:43:45 [TestNG-tests-2] DEBUG org.apache.poi.openxml4j.opc.PackageRelationshipCollection - Parsing relationship: /xl/_rels/workbook.xml.rels
2025-05-20 10:43:45 [TestNG-tests-2] DEBUG org.apache.poi.openxml4j.opc.PackageRelationshipCollection - Parsing relationship: /xl/worksheets/_rels/sheet1.xml.rels
2025-05-20 10:43:45 [TestNG-tests-2] DEBUG org.apache.poi.openxml4j.opc.PackageRelationshipCollection - Parsing relationship: /_rels/.rels
2025-05-20 10:43:45 [TestNG-tests-2] DEBUG org.apache.poi.ooxml.POIXMLFactory - using default POIXMLDocumentPart for http://schemas.openxmlformats.org/officeDocument/2006/relationships/printerSettings
2025-05-20 10:43:45 [TestNG-tests-2] DEBUG org.apache.poi.openxml4j.opc.PackageRelationshipCollection - Parsing relationship: /xl/_rels/workbook.xml.rels
2025-05-20 10:43:45 [TestNG-tests-2] DEBUG org.apache.poi.openxml4j.opc.PackageRelationshipCollection - Parsing relationship: /xl/worksheets/_rels/sheet1.xml.rels
2025-05-20 10:43:45 [TestNG-tests-2] DEBUG org.apache.poi.openxml4j.opc.PackageRelationshipCollection - Parsing relationship: /_rels/.rels
2025-05-20 10:43:45 [TestNG-tests-2] DEBUG org.apache.poi.ooxml.POIXMLFactory - using default POIXMLDocumentPart for http://schemas.openxmlformats.org/officeDocument/2006/relationships/printerSettings
2025-05-20 10:43:45 [TestNG-tests-2] DEBUG org.apache.poi.openxml4j.opc.PackageRelationshipCollection - Parsing relationship: /xl/_rels/workbook.xml.rels
2025-05-20 10:43:45 [TestNG-tests-2] DEBUG org.apache.poi.openxml4j.opc.PackageRelationshipCollection - Parsing relationship: /xl/worksheets/_rels/sheet1.xml.rels
2025-05-20 10:43:45 [TestNG-tests-2] DEBUG org.apache.poi.openxml4j.opc.PackageRelationshipCollection - Parsing relationship: /_rels/.rels
2025-05-20 10:43:45 [TestNG-tests-2] DEBUG org.apache.poi.ooxml.POIXMLFactory - using default POIXMLDocumentPart for http://schemas.openxmlformats.org/officeDocument/2006/relationships/printerSettings
2025-05-20 10:43:45 [TestNG-tests-2] DEBUG org.apache.poi.openxml4j.opc.PackageRelationshipCollection - Parsing relationship: /xl/_rels/workbook.xml.rels
2025-05-20 10:43:45 [TestNG-tests-2] DEBUG org.apache.poi.openxml4j.opc.PackageRelationshipCollection - Parsing relationship: /xl/worksheets/_rels/sheet1.xml.rels
2025-05-20 10:43:45 [TestNG-tests-2] DEBUG org.apache.poi.openxml4j.opc.PackageRelationshipCollection - Parsing relationship: /_rels/.rels
2025-05-20 10:43:45 [TestNG-tests-2] DEBUG org.apache.poi.ooxml.POIXMLFactory - using default POIXMLDocumentPart for http://schemas.openxmlformats.org/officeDocument/2006/relationships/printerSettings
2025-05-20 10:43:45 [TestNG-tests-2] DEBUG org.apache.poi.openxml4j.opc.PackageRelationshipCollection - Parsing relationship: /xl/_rels/workbook.xml.rels
2025-05-20 10:43:45 [TestNG-tests-2] DEBUG org.apache.poi.openxml4j.opc.PackageRelationshipCollection - Parsing relationship: /xl/worksheets/_rels/sheet1.xml.rels
2025-05-20 10:43:45 [TestNG-tests-2] DEBUG org.apache.poi.openxml4j.opc.PackageRelationshipCollection - Parsing relationship: /_rels/.rels
2025-05-20 10:43:45 [TestNG-tests-2] DEBUG org.apache.poi.ooxml.POIXMLFactory - using default POIXMLDocumentPart for http://schemas.openxmlformats.org/officeDocument/2006/relationships/printerSettings
2025-05-20 10:43:45 [TestNG-tests-2] DEBUG org.apache.poi.openxml4j.opc.PackageRelationshipCollection - Parsing relationship: /xl/_rels/workbook.xml.rels
2025-05-20 10:43:45 [TestNG-tests-2] DEBUG org.apache.poi.openxml4j.opc.PackageRelationshipCollection - Parsing relationship: /xl/worksheets/_rels/sheet1.xml.rels
2025-05-20 10:43:45 [TestNG-tests-2] DEBUG org.apache.poi.openxml4j.opc.PackageRelationshipCollection - Parsing relationship: /_rels/.rels
2025-05-20 10:43:45 [TestNG-tests-2] DEBUG org.apache.poi.ooxml.POIXMLFactory - using default POIXMLDocumentPart for http://schemas.openxmlformats.org/officeDocument/2006/relationships/printerSettings
2025-05-20 10:43:45 [TestNG-tests-2] DEBUG org.apache.poi.openxml4j.opc.PackageRelationshipCollection - Parsing relationship: /xl/_rels/workbook.xml.rels
2025-05-20 10:43:45 [TestNG-tests-2] DEBUG org.apache.poi.openxml4j.opc.PackageRelationshipCollection - Parsing relationship: /xl/worksheets/_rels/sheet1.xml.rels
2025-05-20 10:43:45 [TestNG-tests-2] DEBUG org.apache.poi.openxml4j.opc.PackageRelationshipCollection - Parsing relationship: /_rels/.rels
2025-05-20 10:43:45 [TestNG-tests-2] DEBUG org.apache.poi.ooxml.POIXMLFactory - using default POIXMLDocumentPart for http://schemas.openxmlformats.org/officeDocument/2006/relationships/printerSettings
2025-05-20 10:43:45 [TestNG-tests-2] INFO  testCases.TC_02_Login - ===== Starting TC02_Login Test for user: smitasharma.qa@gmail.com =====
2025-05-20 10:43:45 [TestNG-tests-2] DEBUG testCases.TC_02_Login - Clicked 'My Account'
2025-05-20 10:43:47 [TestNG-tests-2] DEBUG testCases.TC_02_Login - Navigated to Login page
2025-05-20 10:43:47 [TestNG-tests-2] DEBUG testCases.TC_02_Login - Entered email: smitasharma.qa@gmail.com
2025-05-20 10:43:47 [TestNG-tests-2] DEBUG testCases.TC_02_Login - Entered password
2025-05-20 10:43:47 [TestNG-tests-2] INFO  testCases.TC_02_Login - Clicked on login
2025-05-20 10:43:48 [TestNG-tests-2] DEBUG testCases.TC_02_Login - Login status: true
2025-05-20 10:43:48 [TestNG-tests-2] INFO  testCases.TC_02_Login - Login successful for user: smitasharma.qa@gmail.com
2025-05-20 10:43:49 [TestNG-tests-2] INFO  testCases.TC_02_Login - User logged out successfully
2025-05-20 10:43:49 [TestNG-tests-2] INFO  testCases.TC_02_Login - ===== Completed TC02_Login Test for user: smitasharma.qa@gmail.com =====
]]></system-out>
  </testcase>
  <testcase name="testLogin[smitasharma.qa@gmail.com, ss*QA123](1)" classname="testCases.TC_02_Login" time="0.21">
    <system-out><![CDATA[2025-05-20 10:43:56 [TestNG-tests-2] INFO  testCases.TC_02_Login - ===== Starting TC02_Login Test for user: apushedwoman@gmail.com =====
2025-05-20 10:43:56 [TestNG-tests-2] DEBUG testCases.TC_02_Login - Clicked 'My Account'
2025-05-20 10:43:56 [TestNG-tests-1] INFO  testCases.TC_02_Login - User logged out successfully
2025-05-20 10:43:56 [TestNG-tests-1] INFO  testCases.TC_02_Login - ===== Completed TC02_Login Test for user: smitasharma.qa@gmail.com =====
]]></system-out>
  </testcase>
  <testcase name="testLogin[nona@yahoo.com, QWER!@#$](2)" classname="testCases.TC_02_Login" time="1.671">
    <system-out><![CDATA[2025-05-20 10:43:49 [TestNG-tests-2] INFO  testCases.TC_02_Login - ===== Starting TC02_Login Test for user: nona@yahoo.com =====
2025-05-20 10:43:49 [TestNG-tests-2] DEBUG testCases.TC_02_Login - Clicked 'My Account'
2025-05-20 10:43:50 [TestNG-tests-2] DEBUG testCases.TC_02_Login - Navigated to Login page
2025-05-20 10:43:50 [TestNG-tests-2] DEBUG testCases.TC_02_Login - Entered email: nona@yahoo.com
2025-05-20 10:43:50 [TestNG-tests-2] DEBUG testCases.TC_02_Login - Entered password
2025-05-20 10:43:50 [TestNG-tests-2] INFO  testCases.TC_02_Login - Clicked on login
2025-05-20 10:43:50 [TestNG-tests-1] INFO  testBase.BaseClass - Application launched successfully: https://cloudberrystore.services/
2025-05-20 10:43:50 [TestNG-tests-1] DEBUG org.apache.poi.openxml4j.opc.PackageRelationshipCollection - Parsing relationship: /xl/_rels/workbook.xml.rels
2025-05-20 10:43:50 [TestNG-tests-1] DEBUG org.apache.poi.openxml4j.opc.PackageRelationshipCollection - Parsing relationship: /xl/worksheets/_rels/sheet1.xml.rels
2025-05-20 10:43:50 [TestNG-tests-1] DEBUG org.apache.poi.openxml4j.opc.PackageRelationshipCollection - Parsing relationship: /_rels/.rels
2025-05-20 10:43:50 [TestNG-tests-1] DEBUG org.apache.poi.ooxml.POIXMLFactory - using default POIXMLDocumentPart for http://schemas.openxmlformats.org/officeDocument/2006/relationships/printerSettings
2025-05-20 10:43:50 [TestNG-tests-1] DEBUG org.apache.poi.openxml4j.opc.PackageRelationshipCollection - Parsing relationship: /xl/_rels/workbook.xml.rels
2025-05-20 10:43:50 [TestNG-tests-1] DEBUG org.apache.poi.openxml4j.opc.PackageRelationshipCollection - Parsing relationship: /xl/worksheets/_rels/sheet1.xml.rels
2025-05-20 10:43:50 [TestNG-tests-1] DEBUG org.apache.poi.openxml4j.opc.PackageRelationshipCollection - Parsing relationship: /_rels/.rels
2025-05-20 10:43:50 [TestNG-tests-1] DEBUG org.apache.poi.ooxml.POIXMLFactory - using default POIXMLDocumentPart for http://schemas.openxmlformats.org/officeDocument/2006/relationships/printerSettings
2025-05-20 10:43:50 [TestNG-tests-1] DEBUG org.apache.poi.openxml4j.opc.PackageRelationshipCollection - Parsing relationship: /xl/_rels/workbook.xml.rels
2025-05-20 10:43:50 [TestNG-tests-1] DEBUG org.apache.poi.openxml4j.opc.PackageRelationshipCollection - Parsing relationship: /xl/worksheets/_rels/sheet1.xml.rels
2025-05-20 10:43:50 [TestNG-tests-1] DEBUG org.apache.poi.openxml4j.opc.PackageRelationshipCollection - Parsing relationship: /_rels/.rels
2025-05-20 10:43:50 [TestNG-tests-1] DEBUG org.apache.poi.ooxml.POIXMLFactory - using default POIXMLDocumentPart for http://schemas.openxmlformats.org/officeDocument/2006/relationships/printerSettings
2025-05-20 10:43:50 [TestNG-tests-1] DEBUG org.apache.poi.openxml4j.opc.PackageRelationshipCollection - Parsing relationship: /xl/_rels/workbook.xml.rels
2025-05-20 10:43:50 [TestNG-tests-1] DEBUG org.apache.poi.openxml4j.opc.PackageRelationshipCollection - Parsing relationship: /xl/worksheets/_rels/sheet1.xml.rels
2025-05-20 10:43:50 [TestNG-tests-1] DEBUG org.apache.poi.openxml4j.opc.PackageRelationshipCollection - Parsing relationship: /_rels/.rels
2025-05-20 10:43:50 [TestNG-tests-1] DEBUG org.apache.poi.ooxml.POIXMLFactory - using default POIXMLDocumentPart for http://schemas.openxmlformats.org/officeDocument/2006/relationships/printerSettings
2025-05-20 10:43:50 [TestNG-tests-1] DEBUG org.apache.poi.openxml4j.opc.PackageRelationshipCollection - Parsing relationship: /xl/_rels/workbook.xml.rels
2025-05-20 10:43:50 [TestNG-tests-1] DEBUG org.apache.poi.openxml4j.opc.PackageRelationshipCollection - Parsing relationship: /xl/worksheets/_rels/sheet1.xml.rels
2025-05-20 10:43:50 [TestNG-tests-1] DEBUG org.apache.poi.openxml4j.opc.PackageRelationshipCollection - Parsing relationship: /_rels/.rels
2025-05-20 10:43:50 [TestNG-tests-1] DEBUG org.apache.poi.ooxml.POIXMLFactory - using default POIXMLDocumentPart for http://schemas.openxmlformats.org/officeDocument/2006/relationships/printerSettings
2025-05-20 10:43:50 [TestNG-tests-1] DEBUG org.apache.poi.openxml4j.opc.PackageRelationshipCollection - Parsing relationship: /xl/_rels/workbook.xml.rels
2025-05-20 10:43:50 [TestNG-tests-1] DEBUG org.apache.poi.openxml4j.opc.PackageRelationshipCollection - Parsing relationship: /xl/worksheets/_rels/sheet1.xml.rels
2025-05-20 10:43:50 [TestNG-tests-1] DEBUG org.apache.poi.openxml4j.opc.PackageRelationshipCollection - Parsing relationship: /_rels/.rels
2025-05-20 10:43:50 [TestNG-tests-1] DEBUG org.apache.poi.ooxml.POIXMLFactory - using default POIXMLDocumentPart for http://schemas.openxmlformats.org/officeDocument/2006/relationships/printerSettings
2025-05-20 10:43:50 [TestNG-tests-1] DEBUG org.apache.poi.openxml4j.opc.PackageRelationshipCollection - Parsing relationship: /xl/_rels/workbook.xml.rels
2025-05-20 10:43:50 [TestNG-tests-1] DEBUG org.apache.poi.openxml4j.opc.PackageRelationshipCollection - Parsing relationship: /xl/worksheets/_rels/sheet1.xml.rels
2025-05-20 10:43:50 [TestNG-tests-1] DEBUG org.apache.poi.openxml4j.opc.PackageRelationshipCollection - Parsing relationship: /_rels/.rels
2025-05-20 10:43:50 [TestNG-tests-1] DEBUG org.apache.poi.ooxml.POIXMLFactory - using default POIXMLDocumentPart for http://schemas.openxmlformats.org/officeDocument/2006/relationships/printerSettings
2025-05-20 10:43:50 [TestNG-tests-1] DEBUG org.apache.poi.openxml4j.opc.PackageRelationshipCollection - Parsing relationship: /xl/_rels/workbook.xml.rels
2025-05-20 10:43:50 [TestNG-tests-1] DEBUG org.apache.poi.openxml4j.opc.PackageRelationshipCollection - Parsing relationship: /xl/worksheets/_rels/sheet1.xml.rels
2025-05-20 10:43:50 [TestNG-tests-1] DEBUG org.apache.poi.openxml4j.opc.PackageRelationshipCollection - Parsing relationship: /_rels/.rels
2025-05-20 10:43:50 [TestNG-tests-1] DEBUG org.apache.poi.ooxml.POIXMLFactory - using default POIXMLDocumentPart for http://schemas.openxmlformats.org/officeDocument/2006/relationships/printerSettings
2025-05-20 10:43:50 [TestNG-tests-1] DEBUG org.apache.poi.openxml4j.opc.PackageRelationshipCollection - Parsing relationship: /xl/_rels/workbook.xml.rels
2025-05-20 10:43:50 [TestNG-tests-1] DEBUG org.apache.poi.openxml4j.opc.PackageRelationshipCollection - Parsing relationship: /xl/worksheets/_rels/sheet1.xml.rels
2025-05-20 10:43:50 [TestNG-tests-1] DEBUG org.apache.poi.openxml4j.opc.PackageRelationshipCollection - Parsing relationship: /_rels/.rels
2025-05-20 10:43:50 [TestNG-tests-1] DEBUG org.apache.poi.ooxml.POIXMLFactory - using default POIXMLDocumentPart for http://schemas.openxmlformats.org/officeDocument/2006/relationships/printerSettings
2025-05-20 10:43:50 [TestNG-tests-1] DEBUG org.apache.poi.openxml4j.opc.PackageRelationshipCollection - Parsing relationship: /xl/_rels/workbook.xml.rels
2025-05-20 10:43:50 [TestNG-tests-1] DEBUG org.apache.poi.openxml4j.opc.PackageRelationshipCollection - Parsing relationship: /xl/worksheets/_rels/sheet1.xml.rels
2025-05-20 10:43:50 [TestNG-tests-1] DEBUG org.apache.poi.openxml4j.opc.PackageRelationshipCollection - Parsing relationship: /_rels/.rels
2025-05-20 10:43:50 [TestNG-tests-1] DEBUG org.apache.poi.ooxml.POIXMLFactory - using default POIXMLDocumentPart for http://schemas.openxmlformats.org/officeDocument/2006/relationships/printerSettings
2025-05-20 10:43:50 [TestNG-tests-1] DEBUG org.apache.poi.openxml4j.opc.PackageRelationshipCollection - Parsing relationship: /xl/_rels/workbook.xml.rels
2025-05-20 10:43:50 [TestNG-tests-1] DEBUG org.apache.poi.openxml4j.opc.PackageRelationshipCollection - Parsing relationship: /xl/worksheets/_rels/sheet1.xml.rels
2025-05-20 10:43:50 [TestNG-tests-1] DEBUG org.apache.poi.openxml4j.opc.PackageRelationshipCollection - Parsing relationship: /_rels/.rels
2025-05-20 10:43:50 [TestNG-tests-1] DEBUG org.apache.poi.ooxml.POIXMLFactory - using default POIXMLDocumentPart for http://schemas.openxmlformats.org/officeDocument/2006/relationships/printerSettings
2025-05-20 10:43:50 [TestNG-tests-1] DEBUG org.apache.poi.openxml4j.opc.PackageRelationshipCollection - Parsing relationship: /xl/_rels/workbook.xml.rels
2025-05-20 10:43:50 [TestNG-tests-1] DEBUG org.apache.poi.openxml4j.opc.PackageRelationshipCollection - Parsing relationship: /xl/worksheets/_rels/sheet1.xml.rels
2025-05-20 10:43:50 [TestNG-tests-1] DEBUG org.apache.poi.openxml4j.opc.PackageRelationshipCollection - Parsing relationship: /_rels/.rels
2025-05-20 10:43:50 [TestNG-tests-1] DEBUG org.apache.poi.ooxml.POIXMLFactory - using default POIXMLDocumentPart for http://schemas.openxmlformats.org/officeDocument/2006/relationships/printerSettings
2025-05-20 10:43:50 [TestNG-tests-1] INFO  testCases.TC_02_Login - ===== Starting TC02_Login Test for user: smitasharma.qa@gmail.com =====
2025-05-20 10:43:50 [TestNG-tests-2] DEBUG testCases.TC_02_Login - Login status: true
2025-05-20 10:43:50 [TestNG-tests-2] INFO  testCases.TC_02_Login - Login successful for user: nona@yahoo.com
2025-05-20 10:43:50 [TestNG-tests-1] DEBUG testCases.TC_02_Login - Clicked 'My Account'
2025-05-20 10:43:52 [TestNG-tests-2] INFO  testCases.TC_02_Login - User logged out successfully
2025-05-20 10:43:52 [TestNG-tests-2] INFO  testCases.TC_02_Login - ===== Completed TC02_Login Test for user: nona@yahoo.com =====
]]></system-out>
  </testcase>
  <testcase name="testLogin[nona@yahoo.com, QWER!@#$](2)" classname="testCases.TC_02_Login" time="3.391">
    <system-out><![CDATA[2025-05-20 10:43:56 [TestNG-tests-1] INFO  testCases.TC_02_Login - ===== Starting TC02_Login Test for user: nona@yahoo.com =====
2025-05-20 10:43:56 [TestNG-tests-1] DEBUG testCases.TC_02_Login - Clicked 'My Account'
2025-05-20 10:43:57 [TestNG-tests-2] DEBUG testCases.TC_02_Login - Navigated to Login page
2025-05-20 10:43:57 [TestNG-tests-2] DEBUG testCases.TC_02_Login - Entered email: apushedwoman@gmail.com
2025-05-20 10:43:57 [TestNG-tests-1] DEBUG testCases.TC_02_Login - Navigated to Login page
2025-05-20 10:43:57 [TestNG-tests-2] DEBUG testCases.TC_02_Login - Entered password
2025-05-20 10:43:57 [TestNG-tests-1] DEBUG testCases.TC_02_Login - Entered email: nona@yahoo.com
2025-05-20 10:43:57 [TestNG-tests-1] DEBUG testCases.TC_02_Login - Entered password
2025-05-20 10:43:57 [TestNG-tests-2] INFO  testCases.TC_02_Login - Clicked on login
2025-05-20 10:43:57 [TestNG-tests-1] INFO  testCases.TC_02_Login - Clicked on login
2025-05-20 10:43:58 [TestNG-tests-1] DEBUG testCases.TC_02_Login - Login status: true
2025-05-20 10:43:58 [TestNG-tests-1] INFO  testCases.TC_02_Login - Login successful for user: nona@yahoo.com
2025-05-20 10:43:58 [TestNG-tests-2] DEBUG testCases.TC_02_Login - Login status: true
2025-05-20 10:43:58 [TestNG-tests-2] INFO  testCases.TC_02_Login - Login successful for user: apushedwoman@gmail.com
2025-05-20 10:44:00 [TestNG-tests-1] INFO  testCases.TC_02_Login - User logged out successfully
2025-05-20 10:44:00 [TestNG-tests-1] INFO  testCases.TC_02_Login - ===== Completed TC02_Login Test for user: nona@yahoo.com =====
]]></system-out>
  </testcase>
  <testcase name="testLogin[sid@cloudberry.services, Test123](3)" classname="testCases.TC_02_Login" time="4.183">
    <system-out><![CDATA[2025-05-20 10:43:52 [TestNG-tests-2] INFO  testCases.TC_02_Login - ===== Starting TC02_Login Test for user: sid@cloudberry.services =====
2025-05-20 10:43:52 [TestNG-tests-2] DEBUG testCases.TC_02_Login - Clicked 'My Account'
2025-05-20 10:43:53 [TestNG-tests-2] DEBUG testCases.TC_02_Login - Navigated to Login page
2025-05-20 10:43:53 [TestNG-tests-2] DEBUG testCases.TC_02_Login - Entered email: sid@cloudberry.services
2025-05-20 10:43:53 [TestNG-tests-2] DEBUG testCases.TC_02_Login - Entered password
2025-05-20 10:43:53 [TestNG-tests-2] INFO  testCases.TC_02_Login - Clicked on login
2025-05-20 10:43:54 [TestNG-tests-1] DEBUG testCases.TC_02_Login - Navigated to Login page
2025-05-20 10:43:54 [TestNG-tests-1] DEBUG testCases.TC_02_Login - Entered email: smitasharma.qa@gmail.com
2025-05-20 10:43:54 [TestNG-tests-1] DEBUG testCases.TC_02_Login - Entered password
2025-05-20 10:43:54 [TestNG-tests-2] DEBUG testCases.TC_02_Login - Login status: true
2025-05-20 10:43:54 [TestNG-tests-2] INFO  testCases.TC_02_Login - Login successful for user: sid@cloudberry.services
2025-05-20 10:43:55 [TestNG-tests-1] INFO  testCases.TC_02_Login - Clicked on login
2025-05-20 10:43:56 [TestNG-tests-1] DEBUG testCases.TC_02_Login - Login status: true
2025-05-20 10:43:56 [TestNG-tests-1] INFO  testCases.TC_02_Login - Login successful for user: smitasharma.qa@gmail.com
2025-05-20 10:43:56 [TestNG-tests-2] INFO  testCases.TC_02_Login - User logged out successfully
2025-05-20 10:43:56 [TestNG-tests-2] INFO  testCases.TC_02_Login - ===== Completed TC02_Login Test for user: sid@cloudberry.services =====
]]></system-out>
  </testcase>
  <testcase name="testLogin[sid@cloudberry.services, Test123](3)" classname="testCases.TC_02_Login" time="2.148">
    <system-out><![CDATA[2025-05-20 10:44:00 [TestNG-tests-2] INFO  testCases.TC_02_Login - ===== Starting TC02_Login Test for user: hichamkhachiai@gmail.com =====
2025-05-20 10:44:00 [TestNG-tests-1] DEBUG testCases.TC_02_Login - Clicked 'My Account'
2025-05-20 10:44:00 [TestNG-tests-2] DEBUG testCases.TC_02_Login - Clicked 'My Account'
2025-05-20 10:44:00 [TestNG-tests-1] DEBUG testCases.TC_02_Login - Navigated to Login page
2025-05-20 10:44:00 [TestNG-tests-1] DEBUG testCases.TC_02_Login - Entered email: sid@cloudberry.services
2025-05-20 10:44:00 [TestNG-tests-1] DEBUG testCases.TC_02_Login - Entered password
2025-05-20 10:44:00 [TestNG-tests-2] DEBUG testCases.TC_02_Login - Navigated to Login page
2025-05-20 10:44:00 [TestNG-tests-1] INFO  testCases.TC_02_Login - Clicked on login
2025-05-20 10:44:01 [TestNG-tests-2] DEBUG testCases.TC_02_Login - Entered email: hichamkhachiai@gmail.com
2025-05-20 10:44:01 [TestNG-tests-2] DEBUG testCases.TC_02_Login - Entered password
2025-05-20 10:44:01 [TestNG-tests-2] INFO  testCases.TC_02_Login - Clicked on login
2025-05-20 10:44:01 [TestNG-tests-1] DEBUG testCases.TC_02_Login - Login status: true
2025-05-20 10:44:01 [TestNG-tests-1] INFO  testCases.TC_02_Login - Login successful for user: sid@cloudberry.services
2025-05-20 10:44:02 [TestNG-tests-2] DEBUG testCases.TC_02_Login - Login status: true
2025-05-20 10:44:02 [TestNG-tests-2] INFO  testCases.TC_02_Login - Login successful for user: hichamkhachiai@gmail.com
2025-05-20 10:44:02 [TestNG-tests-1] INFO  testCases.TC_02_Login - User logged out successfully
2025-05-20 10:44:02 [TestNG-tests-1] INFO  testCases.TC_02_Login - ===== Completed TC02_Login Test for user: sid@cloudberry.services =====
]]></system-out>
  </testcase>
  <testcase name="testLogin[apushedwoman@gmail.com, password123](4)" classname="testCases.TC_02_Login" time="0.205">
    <system-out><![CDATA[2025-05-20 10:44:00 [TestNG-tests-1] INFO  testCases.TC_02_Login - ===== Starting TC02_Login Test for user: sid@cloudberry.services =====
2025-05-20 10:44:00 [TestNG-tests-2] INFO  testCases.TC_02_Login - User logged out successfully
2025-05-20 10:44:00 [TestNG-tests-2] INFO  testCases.TC_02_Login - ===== Completed TC02_Login Test for user: apushedwoman@gmail.com =====
]]></system-out>
  </testcase>
  <testcase name="testLogin[apushedwoman@gmail.com, password123](4)" classname="testCases.TC_02_Login" time="3.58">
    <system-out><![CDATA[2025-05-20 10:44:03 [TestNG-tests-1] DEBUG testCases.TC_02_Login - Navigated to Login page
2025-05-20 10:44:03 [TestNG-tests-1] DEBUG testCases.TC_02_Login - Entered email: apushedwoman@gmail.com
2025-05-20 10:44:03 [TestNG-tests-1] DEBUG testCases.TC_02_Login - Entered password
2025-05-20 10:44:03 [TestNG-tests-2] INFO  testBase.BaseClass - Browser session closed successfully
2025-05-20 10:44:03 [TestNG-tests-2] INFO  testBase.BaseClass - Initializing application on OS: windows and Browser: chrome
2025-05-20 10:44:03 [TestNG-tests-2] DEBUG testBase.BaseClass - Loaded configuration properties
2025-05-20 10:44:03 [TestNG-tests-1] INFO  testCases.TC_02_Login - Clicked on login
2025-05-20 10:44:04 [TestNG-tests-2] DEBUG testBase.BaseClass - Driver assigned to thread-local storage
2025-05-20 10:44:04 [TestNG-tests-1] DEBUG testCases.TC_02_Login - Login status: true
2025-05-20 10:44:04 [TestNG-tests-1] INFO  testCases.TC_02_Login - Login successful for user: apushedwoman@gmail.com
2025-05-20 10:44:06 [TestNG-tests-1] INFO  testCases.TC_02_Login - User logged out successfully
2025-05-20 10:44:06 [TestNG-tests-1] INFO  testCases.TC_02_Login - ===== Completed TC02_Login Test for user: apushedwoman@gmail.com =====
]]></system-out>
  </testcase>
  <testcase name="testLogin[hichamkhachiai@gmail.com, hicham123](5)" classname="testCases.TC_02_Login" time="0.755">
    <system-out><![CDATA[2025-05-20 10:44:02 [TestNG-tests-1] INFO  testCases.TC_02_Login - ===== Starting TC02_Login Test for user: apushedwoman@gmail.com =====
2025-05-20 10:44:02 [TestNG-tests-1] DEBUG testCases.TC_02_Login - Clicked 'My Account'
2025-05-20 10:44:03 [TestNG-tests-2] INFO  testCases.TC_02_Login - User logged out successfully
2025-05-20 10:44:03 [TestNG-tests-2] INFO  testCases.TC_02_Login - ===== Completed TC02_Login Test for user: hichamkhachiai@gmail.com =====
]]></system-out>
  </testcase>
  <testcase name="testLogin[hichamkhachiai@gmail.com, hicham123](5)" classname="testCases.TC_02_Login" time="3.231">
    <system-out><![CDATA[2025-05-20 10:44:06 [TestNG-tests-1] INFO  testCases.TC_02_Login - ===== Starting TC02_Login Test for user: hichamkhachiai@gmail.com =====
2025-05-20 10:44:06 [TestNG-tests-1] DEBUG testCases.TC_02_Login - Clicked 'My Account'
2025-05-20 10:44:06 [TestNG-tests-1] DEBUG testCases.TC_02_Login - Navigated to Login page
2025-05-20 10:44:06 [TestNG-tests-1] DEBUG testCases.TC_02_Login - Entered email: hichamkhachiai@gmail.com
2025-05-20 10:44:07 [TestNG-tests-1] DEBUG testCases.TC_02_Login - Entered password
2025-05-20 10:44:07 [TestNG-tests-1] INFO  testCases.TC_02_Login - Clicked on login
2025-05-20 10:44:07 [TestNG-tests-1] DEBUG testCases.TC_02_Login - Login status: true
2025-05-20 10:44:07 [TestNG-tests-1] INFO  testCases.TC_02_Login - Login successful for user: hichamkhachiai@gmail.com
2025-05-20 10:44:09 [TestNG-tests-1] INFO  testCases.TC_02_Login - User logged out successfully
2025-05-20 10:44:09 [TestNG-tests-1] INFO  testCases.TC_02_Login - ===== Completed TC02_Login Test for user: hichamkhachiai@gmail.com =====
]]></system-out>
  </testcase>
  <testcase name="testLaunchApplication" classname="testCases.TC_01_LaunchApplication" time="0.019">
    <system-out><![CDATA[2025-05-20 10:44:10 [TestNG-tests-1] INFO  testBase.BaseClass - Browser session closed successfully
2025-05-20 10:44:10 [TestNG-tests-1] INFO  testBase.BaseClass - Initializing application on OS: windows and Browser: firefox
2025-05-20 10:44:10 [TestNG-tests-1] DEBUG testBase.BaseClass - Loaded configuration properties
2025-05-20 10:44:11 [TestNG-tests-2] INFO  testBase.BaseClass - Application launched successfully: https://cloudberrystore.services/
2025-05-20 10:44:11 [TestNG-tests-2] INFO  testCases.TC_01_LaunchApplication - Starting test: TC01_LaunchApplication
2025-05-20 10:44:11 [TestNG-tests-2] DEBUG testCases.TC_01_LaunchApplication - HomePage object initialized
2025-05-20 10:44:11 [TestNG-tests-2] DEBUG testCases.TC_01_LaunchApplication - Page title retrieved: Your store of fun
2025-05-20 10:44:11 [TestNG-tests-2] INFO  testCases.TC_01_LaunchApplication - Page title assertion passed
2025-05-20 10:44:11 [TestNG-tests-2] INFO  testCases.TC_01_LaunchApplication - Test completed: TC01_LaunchApplication
]]></system-out>
  </testcase>
  <testcase name="testLaunchApplication" classname="testCases.TC_01_LaunchApplication" time="0.01">
    <system-out><![CDATA[2025-05-20 10:44:11 [TestNG-tests-2] INFO  testBase.BaseClass - Browser session closed successfully
2025-05-20 10:44:11 [TestNG-tests-2] INFO  testBase.BaseClass - Initializing application on OS: windows and Browser: chrome
2025-05-20 10:44:11 [TestNG-tests-2] DEBUG testBase.BaseClass - Loaded configuration properties
2025-05-20 10:44:12 [TestNG-tests-2] DEBUG testBase.BaseClass - Driver assigned to thread-local storage
2025-05-20 10:44:12 [TestNG-tests-1] DEBUG testBase.BaseClass - Driver assigned to thread-local storage
2025-05-20 10:44:16 [TestNG-tests-2] INFO  testBase.BaseClass - Application launched successfully: https://cloudberrystore.services/
2025-05-20 10:44:16 [TestNG-tests-2] INFO  testCases.TC_04_CompletePurchase - ===== Starting TC_04_CompletePurchase Test =====
2025-05-20 10:44:16 [TestNG-tests-1] INFO  testBase.BaseClass - Application launched successfully: https://cloudberrystore.services/
2025-05-20 10:44:16 [TestNG-tests-1] INFO  testCases.TC_01_LaunchApplication - Starting test: TC01_LaunchApplication
2025-05-20 10:44:16 [TestNG-tests-1] DEBUG testCases.TC_01_LaunchApplication - HomePage object initialized
2025-05-20 10:44:16 [TestNG-tests-1] DEBUG testCases.TC_01_LaunchApplication - Page title retrieved: Your store of fun
2025-05-20 10:44:16 [TestNG-tests-1] INFO  testCases.TC_01_LaunchApplication - Page title assertion passed
2025-05-20 10:44:16 [TestNG-tests-1] INFO  testCases.TC_01_LaunchApplication - Test completed: TC01_LaunchApplication
]]></system-out>
  </testcase>
  <testcase name="addToCart" classname="testCases.TC_04_CompletePurchase" time="10.4">
    <system-out><![CDATA[2025-05-20 10:44:16 [TestNG-tests-2] DEBUG testCases.TC_04_CompletePurchase - Clicked on 'Laptops & Tablets'
2025-05-20 10:44:18 [TestNG-tests-1] INFO  testBase.BaseClass - Browser session closed successfully
2025-05-20 10:44:18 [TestNG-tests-1] INFO  testBase.BaseClass - Initializing application on OS: windows and Browser: firefox
2025-05-20 10:44:18 [TestNG-tests-1] DEBUG testBase.BaseClass - Loaded configuration properties
2025-05-20 10:44:19 [TestNG-tests-1] DEBUG testBase.BaseClass - Driver assigned to thread-local storage
2025-05-20 10:44:23 [TestNG-tests-2] DEBUG testCases.TC_04_CompletePurchase - Clicked on 'Show All Laptops & Tablets'
2025-05-20 10:44:24 [TestNG-tests-1] INFO  testBase.BaseClass - Application launched successfully: https://cloudberrystore.services/
2025-05-20 10:44:24 [TestNG-tests-1] INFO  testCases.TC_04_CompletePurchase - ===== Starting TC_04_CompletePurchase Test =====
2025-05-20 10:44:24 [TestNG-tests-1] DEBUG testCases.TC_04_CompletePurchase - Clicked on 'Laptops & Tablets'
2025-05-20 10:44:26 [TestNG-tests-1] DEBUG testCases.TC_04_CompletePurchase - Clicked on 'Show All Laptops & Tablets'
2025-05-20 10:44:26 [TestNG-tests-2] DEBUG testCases.TC_04_CompletePurchase - Selected product
2025-05-20 10:44:27 [TestNG-tests-2] DEBUG testCases.TC_04_CompletePurchase - Changed delivery date
2025-05-20 10:44:27 [TestNG-tests-2] INFO  testCases.TC_04_CompletePurchase - Clicked on 'Add to Cart'
2025-05-20 10:44:29 [TestNG-tests-1] DEBUG testCases.TC_04_CompletePurchase - Selected product
2025-05-20 10:44:29 [TestNG-tests-2] INFO  testCases.TC_04_CompletePurchase - Proceeded to Checkout
2025-05-20 10:44:29 [TestNG-tests-1] DEBUG testCases.TC_04_CompletePurchase - Changed delivery date
2025-05-20 10:44:29 [TestNG-tests-1] INFO  testCases.TC_04_CompletePurchase - Clicked on 'Add to Cart'
2025-05-20 10:44:30 [TestNG-tests-2] DEBUG testCases.TC_04_CompletePurchase - Clicked on Login link
2025-05-20 10:44:31 [TestNG-tests-2] INFO  testCases.TC_04_CompletePurchase - Logged in with provided credentials
2025-05-20 10:44:31 [TestNG-tests-1] INFO  testCases.TC_04_CompletePurchase - Proceeded to Checkout
2025-05-20 10:44:31 [TestNG-tests-1] DEBUG testCases.TC_04_CompletePurchase - Clicked on Login link
2025-05-20 10:44:32 [TestNG-tests-1] INFO  testCases.TC_04_CompletePurchase - Logged in with provided credentials
2025-05-20 10:44:32 [TestNG-tests-2] DEBUG testCases.TC_04_CompletePurchase - Selected shipping address
2025-05-20 10:44:32 [TestNG-tests-1] DEBUG testCases.TC_04_CompletePurchase - Selected shipping address
2025-05-20 10:44:33 [TestNG-tests-2] DEBUG testCases.TC_04_CompletePurchase - Filled shipping and payment details
2025-05-20 10:44:33 [TestNG-tests-1] DEBUG testCases.TC_04_CompletePurchase - Filled shipping and payment details
2025-05-20 10:44:34 [TestNG-tests-2] INFO  testCases.TC_04_CompletePurchase - Order confirmed
2025-05-20 10:44:34 [TestNG-tests-2] DEBUG testCases.TC_04_CompletePurchase - Order confirmation status: true
2025-05-20 10:44:34 [TestNG-tests-2] INFO  testCases.TC_04_CompletePurchase - ===== TC_04_CompletePurchase Test Completed =====
]]></system-out>
  </testcase>
  <testcase name="addToCart" classname="testCases.TC_04_CompletePurchase" time="10.771">
    <system-out><![CDATA[2025-05-20 10:44:34 [TestNG-tests-2] INFO  testBase.BaseClass - Browser session closed successfully
2025-05-20 10:44:34 [TestNG-tests-2] INFO  testBase.BaseClass - Initializing application on OS: windows and Browser: chrome
2025-05-20 10:44:34 [TestNG-tests-2] DEBUG testBase.BaseClass - Loaded configuration properties
2025-05-20 10:44:34 [TestNG-tests-1] INFO  testCases.TC_04_CompletePurchase - Order confirmed
2025-05-20 10:44:34 [TestNG-tests-1] DEBUG testCases.TC_04_CompletePurchase - Order confirmation status: true
2025-05-20 10:44:34 [TestNG-tests-1] INFO  testCases.TC_04_CompletePurchase - ===== TC_04_CompletePurchase Test Completed =====
]]></system-out>
  </testcase>
  <testcase name="addToWishList" classname="testCases.TC_05_AddToWishList" time="2.605">
    <system-out><![CDATA[2025-05-20 10:44:35 [TestNG-tests-2] DEBUG testBase.BaseClass - Driver assigned to thread-local storage
2025-05-20 10:44:35 [TestNG-tests-1] INFO  testBase.BaseClass - Browser session closed successfully
2025-05-20 10:44:35 [TestNG-tests-1] INFO  testBase.BaseClass - Initializing application on OS: windows and Browser: firefox
2025-05-20 10:44:35 [TestNG-tests-1] DEBUG testBase.BaseClass - Loaded configuration properties
2025-05-20 10:44:37 [TestNG-tests-1] DEBUG testBase.BaseClass - Driver assigned to thread-local storage
2025-05-20 10:44:38 [TestNG-tests-2] INFO  testBase.BaseClass - Application launched successfully: https://cloudberrystore.services/
2025-05-20 10:44:38 [TestNG-tests-2] INFO  testCases.TC_05_AddToWishList - ===== Starting TC_05_AddToWishList Test =====
2025-05-20 10:44:38 [TestNG-tests-2] DEBUG testCases.TC_05_AddToWishList - Clicked on My Account
2025-05-20 10:44:41 [TestNG-tests-2] DEBUG testCases.TC_05_AddToWishList - Navigated to Login page
2025-05-20 10:44:41 [TestNG-tests-2] INFO  testCases.TC_05_AddToWishList - Logged in with provided credentials
2025-05-20 10:44:42 [TestNG-tests-2] DEBUG testCases.TC_05_AddToWishList - Clicked on OpenCart logo to go to homepage
2025-05-20 10:44:44 [TestNG-tests-2] DEBUG testCases.TC_05_AddToWishList - Navigated to Laptops & Tablets section
2025-05-20 10:44:45 [TestNG-tests-1] INFO  testBase.BaseClass - Application launched successfully: https://cloudberrystore.services/
2025-05-20 10:44:45 [TestNG-tests-1] INFO  testCases.TC_05_AddToWishList - ===== Starting TC_05_AddToWishList Test =====
2025-05-20 10:44:45 [TestNG-tests-1] DEBUG testCases.TC_05_AddToWishList - Clicked on My Account
2025-05-20 10:44:47 [TestNG-tests-2] DEBUG testCases.TC_05_AddToWishList - Selected product from list
2025-05-20 10:44:47 [TestNG-tests-2] INFO  testCases.TC_05_AddToWishList - Clicked on Add to Wishlist
2025-05-20 10:44:47 [TestNG-tests-1] DEBUG testCases.TC_05_AddToWishList - Navigated to Login page
2025-05-20 10:44:47 [TestNG-tests-1] INFO  testCases.TC_05_AddToWishList - Logged in with provided credentials
2025-05-20 10:44:47 [TestNG-tests-2] DEBUG testCases.TC_05_AddToWishList - Success message: Success: You have added HP LP3065 to your wish list!
2025-05-20 10:44:47 [TestNG-tests-2] INFO  testCases.TC_05_AddToWishList - Add to Wishlist test passed.
2025-05-20 10:44:47 [TestNG-tests-2] INFO  testCases.TC_05_AddToWishList - ===== TC_05_AddToWishList Test Completed =====
]]></system-out>
  </testcase>
  <testcase name="addToWishList" classname="testCases.TC_05_AddToWishList" time="10.109">
    <system-out><![CDATA[2025-05-20 10:44:48 [TestNG-tests-2] INFO  testBase.BaseClass - Browser session closed successfully
2025-05-20 10:44:48 [TestNG-tests-2] INFO  testBase.BaseClass - Initializing application on OS: windows and Browser: chrome
2025-05-20 10:44:48 [TestNG-tests-2] DEBUG testBase.BaseClass - Loaded configuration properties
2025-05-20 10:44:48 [TestNG-tests-1] DEBUG testCases.TC_05_AddToWishList - Clicked on OpenCart logo to go to homepage
2025-05-20 10:44:49 [TestNG-tests-2] DEBUG testBase.BaseClass - Driver assigned to thread-local storage
2025-05-20 10:44:50 [TestNG-tests-1] DEBUG testCases.TC_05_AddToWishList - Navigated to Laptops & Tablets section
2025-05-20 10:44:54 [TestNG-tests-1] DEBUG testCases.TC_05_AddToWishList - Selected product from list
2025-05-20 10:44:55 [TestNG-tests-1] INFO  testCases.TC_05_AddToWishList - Clicked on Add to Wishlist
2025-05-20 10:44:55 [TestNG-tests-1] DEBUG testCases.TC_05_AddToWishList - Success message: Success: You have added HP LP3065 to your wish list!
2025-05-20 10:44:55 [TestNG-tests-1] INFO  testCases.TC_05_AddToWishList - Add to Wishlist test passed.
2025-05-20 10:44:55 [TestNG-tests-1] INFO  testCases.TC_05_AddToWishList - ===== TC_05_AddToWishList Test Completed =====
]]></system-out>
  </testcase>
  <testcase name="addToWishList" classname="testCases.TC_06_AddAffiliate" time="0.693">
    <system-out><![CDATA[2025-05-20 10:44:56 [TestNG-tests-1] INFO  testBase.BaseClass - Browser session closed successfully
2025-05-20 10:44:56 [TestNG-tests-1] INFO  testBase.BaseClass - Initializing application on OS: windows and Browser: firefox
2025-05-20 10:44:56 [TestNG-tests-1] DEBUG testBase.BaseClass - Loaded configuration properties
2025-05-20 10:44:57 [TestNG-tests-2] INFO  testBase.BaseClass - Application launched successfully: https://cloudberrystore.services/
2025-05-20 10:44:57 [TestNG-tests-2] INFO  testCases.TC_06_AddAffiliate - ===== Starting TC_06_AddAffiliate Test =====
2025-05-20 10:44:57 [TestNG-tests-2] DEBUG testCases.TC_06_AddAffiliate - Clicked on My Account
2025-05-20 10:44:58 [TestNG-tests-1] DEBUG testBase.BaseClass - Driver assigned to thread-local storage
2025-05-20 10:45:00 [TestNG-tests-2] DEBUG testCases.TC_06_AddAffiliate - Clicked on Login
2025-05-20 10:45:00 [TestNG-tests-2] INFO  testCases.TC_06_AddAffiliate - Logged in successfully
2025-05-20 10:45:02 [TestNG-tests-2] DEBUG testCases.TC_06_AddAffiliate - Navigated to Add Affiliate page
2025-05-20 10:45:03 [TestNG-tests-1] INFO  testBase.BaseClass - Application launched successfully: https://cloudberrystore.services/
2025-05-20 10:45:03 [TestNG-tests-1] INFO  testCases.TC_06_AddAffiliate - ===== Starting TC_06_AddAffiliate Test =====
2025-05-20 10:45:03 [TestNG-tests-2] INFO  testCases.TC_06_AddAffiliate - Filled affiliate form details
2025-05-20 10:45:03 [TestNG-tests-1] DEBUG testCases.TC_06_AddAffiliate - Clicked on My Account
2025-05-20 10:45:04 [TestNG-tests-2] DEBUG testCases.TC_06_AddAffiliate - Affiliate success message status: true
2025-05-20 10:45:04 [TestNG-tests-2] INFO  testCases.TC_06_AddAffiliate - TC_06_AddAffiliate Test Passed
2025-05-20 10:45:04 [TestNG-tests-2] INFO  testCases.TC_06_AddAffiliate - ===== TC_06_AddAffiliate Test Completed =====
]]></system-out>
  </testcase>
  <testcase name="addToWishList" classname="testCases.TC_06_AddAffiliate" time="4.85">
    <system-out><![CDATA[2025-05-20 10:45:04 [TestNG-tests-2] INFO  testBase.BaseClass - Browser session closed successfully
2025-05-20 10:45:05 [TestNG-tests-1] DEBUG testCases.TC_06_AddAffiliate - Clicked on Login
2025-05-20 10:45:05 [TestNG-tests-1] INFO  testCases.TC_06_AddAffiliate - Logged in successfully
2025-05-20 10:45:06 [TestNG-tests-1] DEBUG testCases.TC_06_AddAffiliate - Navigated to Add Affiliate page
2025-05-20 10:45:08 [TestNG-tests-1] INFO  testCases.TC_06_AddAffiliate - Filled affiliate form details
2025-05-20 10:45:08 [TestNG-tests-1] DEBUG testCases.TC_06_AddAffiliate - Affiliate success message status: true
2025-05-20 10:45:08 [TestNG-tests-1] INFO  testCases.TC_06_AddAffiliate - TC_06_AddAffiliate Test Passed
2025-05-20 10:45:08 [TestNG-tests-1] INFO  testCases.TC_06_AddAffiliate - ===== TC_06_AddAffiliate Test Completed =====
]]></system-out>
  </testcase>
</testsuite>