<?xml version="1.0" encoding="UTF-8"?>
<testng-results ignored="0" total="20" passed="20" failed="0" skipped="0">
  <reporter-output>
  </reporter-output>
  <suite started-at="2025-05-18T16:28:38 CDT" name="Suite" finished-at="2025-05-18T16:29:32 CDT" duration-ms="53801">
    <groups>
      <group name="datadriven">
        <method signature="TC_02_Login.testLogin(java.lang.String,java.lang.String)[pri:0, instance:testCases.TC_02_Login@1fde5d22]" name="testLogin" class="testCases.TC_02_Login"/>
        <method signature="TC_02_Login.testLogin(java.lang.String,java.lang.String)[pri:0, instance:testCases.TC_02_Login@4fad9bb2]" name="testLogin" class="testCases.TC_02_Login"/>
      </group> <!-- datadriven -->
      <group name="regression">
        <method signature="TC_01_LaunchApplication.testLaunchApplication()[pri:0, instance:testCases.TC_01_LaunchApplication@5dcb4f5f]" name="testLaunchApplication" class="testCases.TC_01_LaunchApplication"/>
        <method signature="TC_02_Login.testLogin(java.lang.String,java.lang.String)[pri:0, instance:testCases.TC_02_Login@1fde5d22]" name="testLogin" class="testCases.TC_02_Login"/>
        <method signature="TC_03_AddToCart.addToCart()[pri:0, instance:testCases.TC_03_AddToCart@535779e4]" name="addToCart" class="testCases.TC_03_AddToCart"/>
        <method signature="TC_04_CompletePurchase.addToCart()[pri:0, instance:testCases.TC_04_CompletePurchase@71812481]" name="addToCart" class="testCases.TC_04_CompletePurchase"/>
        <method signature="TC_05_AddToWishList.addToWishList()[pri:0, instance:testCases.TC_05_AddToWishList@16ce702d]" name="addToWishList" class="testCases.TC_05_AddToWishList"/>
        <method signature="TC_06_AddAffiliate.addToWishList()[pri:0, instance:testCases.TC_06_AddAffiliate@7b94089b]" name="addToWishList" class="testCases.TC_06_AddAffiliate"/>
        <method signature="TC_01_LaunchApplication.testLaunchApplication()[pri:0, instance:testCases.TC_01_LaunchApplication@517d4a0d]" name="testLaunchApplication" class="testCases.TC_01_LaunchApplication"/>
        <method signature="TC_02_Login.testLogin(java.lang.String,java.lang.String)[pri:0, instance:testCases.TC_02_Login@4fad9bb2]" name="testLogin" class="testCases.TC_02_Login"/>
        <method signature="TC_03_AddToCart.addToCart()[pri:0, instance:testCases.TC_03_AddToCart@4b3ed2f0]" name="addToCart" class="testCases.TC_03_AddToCart"/>
        <method signature="TC_04_CompletePurchase.addToCart()[pri:0, instance:testCases.TC_04_CompletePurchase@7862f56]" name="addToCart" class="testCases.TC_04_CompletePurchase"/>
        <method signature="TC_05_AddToWishList.addToWishList()[pri:0, instance:testCases.TC_05_AddToWishList@3a12c404]" name="addToWishList" class="testCases.TC_05_AddToWishList"/>
        <method signature="TC_06_AddAffiliate.addToWishList()[pri:0, instance:testCases.TC_06_AddAffiliate@1941a8ff]" name="addToWishList" class="testCases.TC_06_AddAffiliate"/>
      </group> <!-- regression -->
      <group name="sanity">
        <method signature="TC_01_LaunchApplication.testLaunchApplication()[pri:0, instance:testCases.TC_01_LaunchApplication@5dcb4f5f]" name="testLaunchApplication" class="testCases.TC_01_LaunchApplication"/>
        <method signature="TC_02_Login.testLogin(java.lang.String,java.lang.String)[pri:0, instance:testCases.TC_02_Login@1fde5d22]" name="testLogin" class="testCases.TC_02_Login"/>
        <method signature="TC_03_AddToCart.addToCart()[pri:0, instance:testCases.TC_03_AddToCart@535779e4]" name="addToCart" class="testCases.TC_03_AddToCart"/>
        <method signature="TC_01_LaunchApplication.testLaunchApplication()[pri:0, instance:testCases.TC_01_LaunchApplication@517d4a0d]" name="testLaunchApplication" class="testCases.TC_01_LaunchApplication"/>
        <method signature="TC_02_Login.testLogin(java.lang.String,java.lang.String)[pri:0, instance:testCases.TC_02_Login@4fad9bb2]" name="testLogin" class="testCases.TC_02_Login"/>
        <method signature="TC_03_AddToCart.addToCart()[pri:0, instance:testCases.TC_03_AddToCart@4b3ed2f0]" name="addToCart" class="testCases.TC_03_AddToCart"/>
      </group> <!-- sanity -->
    </groups>
    <test started-at="2025-05-18T16:28:38 CDT" name="chromeTest" finished-at="2025-05-18T16:29:24 CDT" duration-ms="45227">
      <class name="testCases.TC_05_AddToWishList">
        <test-method is-config="true" signature="openApp(java.lang.String,java.lang.String)[pri:0, instance:testCases.TC_05_AddToWishList@3a12c404]" started-at="2025-05-18T16:29:12 CDT" name="openApp" finished-at="2025-05-18T16:29:14 CDT" duration-ms="2045" status="PASS">
          <params>
            <param index="0">
              <value>
                <![CDATA[windows]]>
              </value>
            </param>
            <param index="1">
              <value>
                <![CDATA[chrome]]>
              </value>
            </param>
          </params>
          <reporter-output>
          </reporter-output>
        </test-method> <!-- openApp -->
        <test-method signature="addToWishList()[pri:0, instance:testCases.TC_05_AddToWishList@3a12c404]" started-at="2025-05-18T16:29:14 CDT" name="addToWishList" finished-at="2025-05-18T16:29:17 CDT" duration-ms="3463" status="PASS">
          <reporter-output>
          </reporter-output>
        </test-method> <!-- addToWishList -->
        <test-method is-config="true" signature="closeApp()[pri:0, instance:testCases.TC_05_AddToWishList@3a12c404]" started-at="2025-05-18T16:29:17 CDT" name="closeApp" finished-at="2025-05-18T16:29:17 CDT" duration-ms="273" status="PASS">
          <reporter-output>
          </reporter-output>
        </test-method> <!-- closeApp -->
      </class> <!-- testCases.TC_05_AddToWishList -->
      <class name="testCases.TC_01_LaunchApplication">
        <test-method is-config="true" signature="openApp(java.lang.String,java.lang.String)[pri:0, instance:testCases.TC_01_LaunchApplication@517d4a0d]" started-at="2025-05-18T16:28:59 CDT" name="openApp" finished-at="2025-05-18T16:29:01 CDT" duration-ms="2145" status="PASS">
          <params>
            <param index="0">
              <value>
                <![CDATA[windows]]>
              </value>
            </param>
            <param index="1">
              <value>
                <![CDATA[chrome]]>
              </value>
            </param>
          </params>
          <reporter-output>
          </reporter-output>
        </test-method> <!-- openApp -->
        <test-method signature="testLaunchApplication()[pri:0, instance:testCases.TC_01_LaunchApplication@517d4a0d]" started-at="2025-05-18T16:29:01 CDT" name="testLaunchApplication" finished-at="2025-05-18T16:29:01 CDT" duration-ms="14" status="PASS">
          <reporter-output>
          </reporter-output>
        </test-method> <!-- testLaunchApplication -->
        <test-method is-config="true" signature="closeApp()[pri:0, instance:testCases.TC_01_LaunchApplication@517d4a0d]" started-at="2025-05-18T16:29:01 CDT" name="closeApp" finished-at="2025-05-18T16:29:01 CDT" duration-ms="284" status="PASS">
          <reporter-output>
          </reporter-output>
        </test-method> <!-- closeApp -->
      </class> <!-- testCases.TC_01_LaunchApplication -->
      <class name="testCases.TC_02_Login">
        <test-method is-config="true" signature="openApp(java.lang.String,java.lang.String)[pri:0, instance:testCases.TC_02_Login@4fad9bb2]" started-at="2025-05-18T16:28:44 CDT" name="openApp" finished-at="2025-05-18T16:28:46 CDT" duration-ms="2068" status="PASS">
          <params>
            <param index="0">
              <value>
                <![CDATA[windows]]>
              </value>
            </param>
            <param index="1">
              <value>
                <![CDATA[chrome]]>
              </value>
            </param>
          </params>
          <reporter-output>
          </reporter-output>
        </test-method> <!-- openApp -->
        <test-method signature="testLogin(java.lang.String,java.lang.String)[pri:0, instance:testCases.TC_02_Login@4fad9bb2]" started-at="2025-05-18T16:28:49 CDT" name="testLogin" data-provider="LoginData" finished-at="2025-05-18T16:28:52 CDT" duration-ms="2692" status="PASS">
          <params>
            <param index="0">
              <value>
                <![CDATA[smitasharma.qa@gmail.com]]>
              </value>
            </param>
            <param index="1">
              <value>
                <![CDATA[ss*QA123]]>
              </value>
            </param>
          </params>
          <reporter-output>
          </reporter-output>
        </test-method> <!-- testLogin -->
        <test-method signature="testLogin(java.lang.String,java.lang.String)[pri:0, instance:testCases.TC_02_Login@4fad9bb2]" started-at="2025-05-18T16:28:52 CDT" name="testLogin" data-provider="LoginData" finished-at="2025-05-18T16:28:54 CDT" duration-ms="1771" status="PASS">
          <params>
            <param index="0">
              <value>
                <![CDATA[nona@yahoo.com]]>
              </value>
            </param>
            <param index="1">
              <value>
                <![CDATA[QWER!@#$]]>
              </value>
            </param>
          </params>
          <reporter-output>
          </reporter-output>
        </test-method> <!-- testLogin -->
        <test-method signature="testLogin(java.lang.String,java.lang.String)[pri:0, instance:testCases.TC_02_Login@4fad9bb2]" started-at="2025-05-18T16:28:54 CDT" name="testLogin" data-provider="LoginData" finished-at="2025-05-18T16:28:55 CDT" duration-ms="1619" status="PASS">
          <params>
            <param index="0">
              <value>
                <![CDATA[sid@cloudberry.services]]>
              </value>
            </param>
            <param index="1">
              <value>
                <![CDATA[Test123]]>
              </value>
            </param>
          </params>
          <reporter-output>
          </reporter-output>
        </test-method> <!-- testLogin -->
        <test-method signature="testLogin(java.lang.String,java.lang.String)[pri:0, instance:testCases.TC_02_Login@4fad9bb2]" started-at="2025-05-18T16:28:55 CDT" name="testLogin" data-provider="LoginData" finished-at="2025-05-18T16:28:57 CDT" duration-ms="1709" status="PASS">
          <params>
            <param index="0">
              <value>
                <![CDATA[apushedwoman@gmail.com]]>
              </value>
            </param>
            <param index="1">
              <value>
                <![CDATA[password123]]>
              </value>
            </param>
          </params>
          <reporter-output>
          </reporter-output>
        </test-method> <!-- testLogin -->
        <test-method signature="testLogin(java.lang.String,java.lang.String)[pri:0, instance:testCases.TC_02_Login@4fad9bb2]" started-at="2025-05-18T16:28:57 CDT" name="testLogin" data-provider="LoginData" finished-at="2025-05-18T16:28:59 CDT" duration-ms="1629" status="PASS">
          <params>
            <param index="0">
              <value>
                <![CDATA[hichamkhachiai@gmail.com]]>
              </value>
            </param>
            <param index="1">
              <value>
                <![CDATA[hicham123]]>
              </value>
            </param>
          </params>
          <reporter-output>
          </reporter-output>
        </test-method> <!-- testLogin -->
        <test-method is-config="true" signature="closeApp()[pri:0, instance:testCases.TC_02_Login@4fad9bb2]" started-at="2025-05-18T16:28:59 CDT" name="closeApp" finished-at="2025-05-18T16:28:59 CDT" duration-ms="291" status="PASS">
          <reporter-output>
          </reporter-output>
        </test-method> <!-- closeApp -->
      </class> <!-- testCases.TC_02_Login -->
      <class name="testCases.TC_06_AddAffiliate">
        <test-method is-config="true" signature="openApp(java.lang.String,java.lang.String)[pri:0, instance:testCases.TC_06_AddAffiliate@1941a8ff]" started-at="2025-05-18T16:29:17 CDT" name="openApp" finished-at="2025-05-18T16:29:20 CDT" duration-ms="2234" status="PASS">
          <params>
            <param index="0">
              <value>
                <![CDATA[windows]]>
              </value>
            </param>
            <param index="1">
              <value>
                <![CDATA[chrome]]>
              </value>
            </param>
          </params>
          <reporter-output>
          </reporter-output>
        </test-method> <!-- openApp -->
        <test-method signature="addToWishList()[pri:0, instance:testCases.TC_06_AddAffiliate@1941a8ff]" started-at="2025-05-18T16:29:20 CDT" name="addToWishList" finished-at="2025-05-18T16:29:23 CDT" duration-ms="3622" status="PASS">
          <reporter-output>
          </reporter-output>
        </test-method> <!-- addToWishList -->
        <test-method is-config="true" signature="closeApp()[pri:0, instance:testCases.TC_06_AddAffiliate@1941a8ff]" started-at="2025-05-18T16:29:23 CDT" name="closeApp" finished-at="2025-05-18T16:29:24 CDT" duration-ms="222" status="PASS">
          <reporter-output>
          </reporter-output>
        </test-method> <!-- closeApp -->
      </class> <!-- testCases.TC_06_AddAffiliate -->
      <class name="testCases.TC_03_AddToCart">
        <test-method is-config="true" signature="openApp(java.lang.String,java.lang.String)[pri:0, instance:testCases.TC_03_AddToCart@4b3ed2f0]" started-at="2025-05-18T16:28:38 CDT" name="openApp" finished-at="2025-05-18T16:28:41 CDT" duration-ms="2655" status="PASS">
          <params>
            <param index="0">
              <value>
                <![CDATA[windows]]>
              </value>
            </param>
            <param index="1">
              <value>
                <![CDATA[chrome]]>
              </value>
            </param>
          </params>
          <reporter-output>
          </reporter-output>
        </test-method> <!-- openApp -->
        <test-method signature="addToCart()[pri:0, instance:testCases.TC_03_AddToCart@4b3ed2f0]" started-at="2025-05-18T16:28:41 CDT" name="addToCart" finished-at="2025-05-18T16:28:44 CDT" duration-ms="3130" status="PASS">
          <reporter-output>
          </reporter-output>
        </test-method> <!-- addToCart -->
        <test-method is-config="true" signature="closeApp()[pri:0, instance:testCases.TC_03_AddToCart@4b3ed2f0]" started-at="2025-05-18T16:28:44 CDT" name="closeApp" finished-at="2025-05-18T16:28:44 CDT" duration-ms="185" status="PASS">
          <reporter-output>
          </reporter-output>
        </test-method> <!-- closeApp -->
      </class> <!-- testCases.TC_03_AddToCart -->
      <class name="testCases.TC_04_CompletePurchase">
        <test-method is-config="true" signature="openApp(java.lang.String,java.lang.String)[pri:0, instance:testCases.TC_04_CompletePurchase@7862f56]" started-at="2025-05-18T16:29:01 CDT" name="openApp" finished-at="2025-05-18T16:29:04 CDT" duration-ms="2159" status="PASS">
          <params>
            <param index="0">
              <value>
                <![CDATA[windows]]>
              </value>
            </param>
            <param index="1">
              <value>
                <![CDATA[chrome]]>
              </value>
            </param>
          </params>
          <reporter-output>
          </reporter-output>
        </test-method> <!-- openApp -->
        <test-method signature="addToCart()[pri:0, instance:testCases.TC_04_CompletePurchase@7862f56]" started-at="2025-05-18T16:29:04 CDT" name="addToCart" finished-at="2025-05-18T16:29:11 CDT" duration-ms="7828" status="PASS">
          <reporter-output>
          </reporter-output>
        </test-method> <!-- addToCart -->
        <test-method is-config="true" signature="closeApp()[pri:0, instance:testCases.TC_04_CompletePurchase@7862f56]" started-at="2025-05-18T16:29:11 CDT" name="closeApp" finished-at="2025-05-18T16:29:12 CDT" duration-ms="217" status="PASS">
          <reporter-output>
          </reporter-output>
        </test-method> <!-- closeApp -->
      </class> <!-- testCases.TC_04_CompletePurchase -->
    </test> <!-- chromeTest -->
    <test started-at="2025-05-18T16:28:38 CDT" name="firefoxTest" finished-at="2025-05-18T16:29:32 CDT" duration-ms="53801">
      <class name="testCases.TC_05_AddToWishList">
        <test-method is-config="true" signature="openApp(java.lang.String,java.lang.String)[pri:0, instance:testCases.TC_05_AddToWishList@16ce702d]" started-at="2025-05-18T16:29:15 CDT" name="openApp" finished-at="2025-05-18T16:29:18 CDT" duration-ms="3319" status="PASS">
          <params>
            <param index="0">
              <value>
                <![CDATA[windows]]>
              </value>
            </param>
            <param index="1">
              <value>
                <![CDATA[firefox]]>
              </value>
            </param>
          </params>
          <reporter-output>
          </reporter-output>
        </test-method> <!-- openApp -->
        <test-method signature="addToWishList()[pri:0, instance:testCases.TC_05_AddToWishList@16ce702d]" started-at="2025-05-18T16:29:18 CDT" name="addToWishList" finished-at="2025-05-18T16:29:22 CDT" duration-ms="3441" status="PASS">
          <reporter-output>
          </reporter-output>
        </test-method> <!-- addToWishList -->
        <test-method is-config="true" signature="closeApp()[pri:0, instance:testCases.TC_05_AddToWishList@16ce702d]" started-at="2025-05-18T16:29:22 CDT" name="closeApp" finished-at="2025-05-18T16:29:23 CDT" duration-ms="1475" status="PASS">
          <reporter-output>
          </reporter-output>
        </test-method> <!-- closeApp -->
      </class> <!-- testCases.TC_05_AddToWishList -->
      <class name="testCases.TC_01_LaunchApplication">
        <test-method is-config="true" signature="openApp(java.lang.String,java.lang.String)[pri:0, instance:testCases.TC_01_LaunchApplication@5dcb4f5f]" started-at="2025-05-18T16:28:59 CDT" name="openApp" finished-at="2025-05-18T16:29:03 CDT" duration-ms="3509" status="PASS">
          <params>
            <param index="0">
              <value>
                <![CDATA[windows]]>
              </value>
            </param>
            <param index="1">
              <value>
                <![CDATA[firefox]]>
              </value>
            </param>
          </params>
          <reporter-output>
          </reporter-output>
        </test-method> <!-- openApp -->
        <test-method signature="testLaunchApplication()[pri:0, instance:testCases.TC_01_LaunchApplication@5dcb4f5f]" started-at="2025-05-18T16:29:03 CDT" name="testLaunchApplication" finished-at="2025-05-18T16:29:03 CDT" duration-ms="30" status="PASS">
          <reporter-output>
          </reporter-output>
        </test-method> <!-- testLaunchApplication -->
        <test-method is-config="true" signature="closeApp()[pri:0, instance:testCases.TC_01_LaunchApplication@5dcb4f5f]" started-at="2025-05-18T16:29:03 CDT" name="closeApp" finished-at="2025-05-18T16:29:04 CDT" duration-ms="1211" status="PASS">
          <reporter-output>
          </reporter-output>
        </test-method> <!-- closeApp -->
      </class> <!-- testCases.TC_01_LaunchApplication -->
      <class name="testCases.TC_02_Login">
        <test-method is-config="true" signature="openApp(java.lang.String,java.lang.String)[pri:0, instance:testCases.TC_02_Login@1fde5d22]" started-at="2025-05-18T16:28:46 CDT" name="openApp" finished-at="2025-05-18T16:28:50 CDT" duration-ms="3431" status="PASS">
          <params>
            <param index="0">
              <value>
                <![CDATA[windows]]>
              </value>
            </param>
            <param index="1">
              <value>
                <![CDATA[firefox]]>
              </value>
            </param>
          </params>
          <reporter-output>
          </reporter-output>
        </test-method> <!-- openApp -->
        <test-method signature="testLogin(java.lang.String,java.lang.String)[pri:0, instance:testCases.TC_02_Login@1fde5d22]" started-at="2025-05-18T16:28:51 CDT" name="testLogin" data-provider="LoginData" finished-at="2025-05-18T16:28:52 CDT" duration-ms="1804" status="PASS">
          <params>
            <param index="0">
              <value>
                <![CDATA[smitasharma.qa@gmail.com]]>
              </value>
            </param>
            <param index="1">
              <value>
                <![CDATA[ss*QA123]]>
              </value>
            </param>
          </params>
          <reporter-output>
          </reporter-output>
        </test-method> <!-- testLogin -->
        <test-method signature="testLogin(java.lang.String,java.lang.String)[pri:0, instance:testCases.TC_02_Login@1fde5d22]" started-at="2025-05-18T16:28:52 CDT" name="testLogin" data-provider="LoginData" finished-at="2025-05-18T16:28:54 CDT" duration-ms="1456" status="PASS">
          <params>
            <param index="0">
              <value>
                <![CDATA[nona@yahoo.com]]>
              </value>
            </param>
            <param index="1">
              <value>
                <![CDATA[QWER!@#$]]>
              </value>
            </param>
          </params>
          <reporter-output>
          </reporter-output>
        </test-method> <!-- testLogin -->
        <test-method signature="testLogin(java.lang.String,java.lang.String)[pri:0, instance:testCases.TC_02_Login@1fde5d22]" started-at="2025-05-18T16:28:54 CDT" name="testLogin" data-provider="LoginData" finished-at="2025-05-18T16:28:55 CDT" duration-ms="1507" status="PASS">
          <params>
            <param index="0">
              <value>
                <![CDATA[sid@cloudberry.services]]>
              </value>
            </param>
            <param index="1">
              <value>
                <![CDATA[Test123]]>
              </value>
            </param>
          </params>
          <reporter-output>
          </reporter-output>
        </test-method> <!-- testLogin -->
        <test-method signature="testLogin(java.lang.String,java.lang.String)[pri:0, instance:testCases.TC_02_Login@1fde5d22]" started-at="2025-05-18T16:28:55 CDT" name="testLogin" data-provider="LoginData" finished-at="2025-05-18T16:28:57 CDT" duration-ms="1368" status="PASS">
          <params>
            <param index="0">
              <value>
                <![CDATA[apushedwoman@gmail.com]]>
              </value>
            </param>
            <param index="1">
              <value>
                <![CDATA[password123]]>
              </value>
            </param>
          </params>
          <reporter-output>
          </reporter-output>
        </test-method> <!-- testLogin -->
        <test-method signature="testLogin(java.lang.String,java.lang.String)[pri:0, instance:testCases.TC_02_Login@1fde5d22]" started-at="2025-05-18T16:28:57 CDT" name="testLogin" data-provider="LoginData" finished-at="2025-05-18T16:28:58 CDT" duration-ms="1403" status="PASS">
          <params>
            <param index="0">
              <value>
                <![CDATA[hichamkhachiai@gmail.com]]>
              </value>
            </param>
            <param index="1">
              <value>
                <![CDATA[hicham123]]>
              </value>
            </param>
          </params>
          <reporter-output>
          </reporter-output>
        </test-method> <!-- testLogin -->
        <test-method is-config="true" signature="closeApp()[pri:0, instance:testCases.TC_02_Login@1fde5d22]" started-at="2025-05-18T16:28:58 CDT" name="closeApp" finished-at="2025-05-18T16:28:59 CDT" duration-ms="1098" status="PASS">
          <reporter-output>
          </reporter-output>
        </test-method> <!-- closeApp -->
      </class> <!-- testCases.TC_02_Login -->
      <class name="testCases.TC_06_AddAffiliate">
        <test-method is-config="true" signature="openApp(java.lang.String,java.lang.String)[pri:0, instance:testCases.TC_06_AddAffiliate@7b94089b]" started-at="2025-05-18T16:29:23 CDT" name="openApp" finished-at="2025-05-18T16:29:27 CDT" duration-ms="3337" status="PASS">
          <params>
            <param index="0">
              <value>
                <![CDATA[windows]]>
              </value>
            </param>
            <param index="1">
              <value>
                <![CDATA[firefox]]>
              </value>
            </param>
          </params>
          <reporter-output>
          </reporter-output>
        </test-method> <!-- openApp -->
        <test-method signature="addToWishList()[pri:0, instance:testCases.TC_06_AddAffiliate@7b94089b]" started-at="2025-05-18T16:29:27 CDT" name="addToWishList" finished-at="2025-05-18T16:29:31 CDT" duration-ms="3917" status="PASS">
          <reporter-output>
          </reporter-output>
        </test-method> <!-- addToWishList -->
        <test-method is-config="true" signature="closeApp()[pri:0, instance:testCases.TC_06_AddAffiliate@7b94089b]" started-at="2025-05-18T16:29:31 CDT" name="closeApp" finished-at="2025-05-18T16:29:32 CDT" duration-ms="1428" status="PASS">
          <reporter-output>
          </reporter-output>
        </test-method> <!-- closeApp -->
      </class> <!-- testCases.TC_06_AddAffiliate -->
      <class name="testCases.TC_03_AddToCart">
        <test-method is-config="true" signature="openApp(java.lang.String,java.lang.String)[pri:0, instance:testCases.TC_03_AddToCart@535779e4]" started-at="2025-05-18T16:28:38 CDT" name="openApp" finished-at="2025-05-18T16:28:43 CDT" duration-ms="4302" status="PASS">
          <params>
            <param index="0">
              <value>
                <![CDATA[windows]]>
              </value>
            </param>
            <param index="1">
              <value>
                <![CDATA[firefox]]>
              </value>
            </param>
          </params>
          <reporter-output>
          </reporter-output>
        </test-method> <!-- openApp -->
        <test-method signature="addToCart()[pri:0, instance:testCases.TC_03_AddToCart@535779e4]" started-at="2025-05-18T16:28:43 CDT" name="addToCart" finished-at="2025-05-18T16:28:46 CDT" duration-ms="2928" status="PASS">
          <reporter-output>
          </reporter-output>
        </test-method> <!-- addToCart -->
        <test-method is-config="true" signature="closeApp()[pri:0, instance:testCases.TC_03_AddToCart@535779e4]" started-at="2025-05-18T16:28:46 CDT" name="closeApp" finished-at="2025-05-18T16:28:46 CDT" duration-ms="835" status="PASS">
          <reporter-output>
          </reporter-output>
        </test-method> <!-- closeApp -->
      </class> <!-- testCases.TC_03_AddToCart -->
      <class name="testCases.TC_04_CompletePurchase">
        <test-method is-config="true" signature="openApp(java.lang.String,java.lang.String)[pri:0, instance:testCases.TC_04_CompletePurchase@71812481]" started-at="2025-05-18T16:29:04 CDT" name="openApp" finished-at="2025-05-18T16:29:07 CDT" duration-ms="3260" status="PASS">
          <params>
            <param index="0">
              <value>
                <![CDATA[windows]]>
              </value>
            </param>
            <param index="1">
              <value>
                <![CDATA[firefox]]>
              </value>
            </param>
          </params>
          <reporter-output>
          </reporter-output>
        </test-method> <!-- openApp -->
        <test-method signature="addToCart()[pri:0, instance:testCases.TC_04_CompletePurchase@71812481]" started-at="2025-05-18T16:29:07 CDT" name="addToCart" finished-at="2025-05-18T16:29:14 CDT" duration-ms="6781" status="PASS">
          <reporter-output>
          </reporter-output>
        </test-method> <!-- addToCart -->
        <test-method is-config="true" signature="closeApp()[pri:0, instance:testCases.TC_04_CompletePurchase@71812481]" started-at="2025-05-18T16:29:14 CDT" name="closeApp" finished-at="2025-05-18T16:29:15 CDT" duration-ms="1023" status="PASS">
          <reporter-output>
          </reporter-output>
        </test-method> <!-- closeApp -->
      </class> <!-- testCases.TC_04_CompletePurchase -->
    </test> <!-- firefoxTest -->
  </suite> <!-- Suite -->
</testng-results>
